Fri Nov 14 14:19:04 GMT 2014 : Apache Derby Network Server - 10.10.1.3 - (1557168) started and ready to accept connections on port 1527
----------------------------------------------------------------
Fri Nov 14 14:19:05 GMT 2014:
Booting Derby version The Apache Software Foundation - Apache Derby - 10.10.1.3 - (1557168): instance a816c00e-0149-aeab-cea0-ffffb188f282 
on database directory E:\Work\GMIT\PROJECTS\JAVA_SEM3\TimeKeeper_v1\TimeKeeper_v1\DerbyDB\TimeKeeper_derby_v1 with class loader sun.misc.Launcher$AppClassLoader@1d44bcfa 
Loaded from file:/C:/Program%20Files/Java/jdk1.8.0_11/db/lib/derby.jar
java.vendor=Oracle Corporation
java.runtime.version=1.8.0_11-b12
user.dir=C:\Program Files\Java\jdk1.8.0_11\db
os.name=Windows 8.1
os.arch=amd64
os.version=6.3
derby.system.home=E:\Work\GMIT\PROJECTS\JAVA_SEM3\TimeKeeper_v1\TimeKeeper_v1\DerbyDB
Database Class Loader started - derby.database.classpath=''
----------------------------------------------------------------
Fri Nov 14 14:56:38 GMT 2014: Shutting down Derby engine
----------------------------------------------------------------
Fri Nov 14 14:56:38 GMT 2014:
Shutting down instance a816c00e-0149-aeab-cea0-ffffb188f282 on database directory E:\Work\GMIT\PROJECTS\JAVA_SEM3\TimeKeeper_v1\TimeKeeper_v1\DerbyDB\TimeKeeper_derby_v1 with class loader sun.misc.Launcher$AppClassLoader@1d44bcfa 
----------------------------------------------------------------
